<?xml version="1.0" encoding="UTF-8"?>
<testng-results skipped="0" failed="1" ignored="0" total="3" passed="2">
  <reporter-output>
  </reporter-output>
  <suite name="Application" duration-ms="128074" started-at="2019-01-19T06:00:41Z" finished-at="2019-01-19T06:02:49Z">
    <groups>
    </groups>
    <test name="WalmartEcommerce" duration-ms="128074" started-at="2019-01-19T06:00:41Z" finished-at="2019-01-19T06:02:49Z">
      <class name="com.walmart.ecom.ui.tests.ToysSectionTests">
        <test-method status="PASS" signature="loadClassConfigurations(java.lang.String)[pri:0, instance:com.walmart.ecom.ui.tests.ToysSectionTests@271053e1]" name="loadClassConfigurations" is-config="true" duration-ms="20" started-at="2019-01-19T06:00:41Z" finished-at="2019-01-19T06:00:41Z">
          <params>
            <param index="0">
              <value>
                <![CDATA[Environment.conf]]>
              </value>
            </param>
          </params>
          <reporter-output>
          </reporter-output>
        </test-method> <!-- loadClassConfigurations -->
        <test-method status="PASS" signature="beforeEachTest()[pri:0, instance:com.walmart.ecom.ui.tests.ToysSectionTests@271053e1]" name="beforeEachTest" is-config="true" duration-ms="2828" started-at="2019-01-19T06:00:42Z" finished-at="2019-01-19T06:00:45Z">
          <reporter-output>
          </reporter-output>
        </test-method> <!-- beforeEachTest -->
        <test-method status="FAIL" signature="verifyItemsDisplayedByPrice(java.util.Properties)[pri:0, instance:com.walmart.ecom.ui.tests.ToysSectionTests@271053e1]" name="verifyItemsDisplayedByPrice" duration-ms="19691" started-at="2019-01-19T06:00:45Z" data-provider="loadTestData" finished-at="2019-01-19T06:01:05Z">
          <params>
            <param index="0">
              <value>
                <![CDATA[{}]]>
              </value>
            </param>
          </params>
          <exception class="org.openqa.selenium.WebDriverException">
            <message>
              <![CDATA[unknown error: Element <span>...</span> is not clickable at point (99, 424). Other element would receive the click: <a href="#" tabindex="6" class="acsInviteButton acsDeclineButton" title="..." role="button">No, thanks</a>
  (Session info: chrome=71.0.3578.98)
  (Driver info: chromedriver=2.45.615355 (d5698f682d8b2742017df6c81e0bd8e6a3063189),platform=Mac OS X 10.13.6 x86_64) (WARNING: The server did not provide any stacktrace information)
Command duration or timeout: 0 milliseconds
Build info: version: '3.14.0', revision: 'aacccce0', time: '2018-08-02T20:19:58.91Z'
System info: host: 'Venkatramanas-MacBook-Air.local', ip: '2607:fea8:1220:c0b:0:0:0:3', os.name: 'Mac OS X', os.arch: 'x86_64', os.version: '10.13.6', java.version: '1.8.0_144'
Driver info: org.openqa.selenium.chrome.ChromeDriver
Capabilities {acceptInsecureCerts: false, acceptSslCerts: false, applicationCacheEnabled: false, browserConnectionEnabled: false, browserName: chrome, chrome: {chromedriverVersion: 2.45.615355 (d5698f682d8b27..., userDataDir: /var/folders/_q/pzp0ltk52k5...}, cssSelectorsEnabled: true, databaseEnabled: false, goog:chromeOptions: {debuggerAddress: localhost:57211}, handlesAlerts: true, hasTouchScreen: false, javascriptEnabled: true, locationContextEnabled: true, mobileEmulationEnabled: false, nativeEvents: true, networkConnectionEnabled: false, pageLoadStrategy: normal, platform: MAC, platformName: MAC, proxy: Proxy(), rotatable: false, setWindowRect: true, strictFileInteractability: false, takesHeapSnapshot: true, takesScreenshot: true, timeouts: {implicit: 0, pageLoad: 300000, script: 30000}, unexpectedAlertBehaviour: ignore, unhandledPromptBehavior: ignore, version: 71.0.3578.98, webStorageEnabled: true}
Session ID: b4f22f88ac03f7cac3a7df72ceb0cacc]]>
            </message>
            <full-stacktrace>
              <![CDATA[org.openqa.selenium.WebDriverException: unknown error: Element <span>...</span> is not clickable at point (99, 424). Other element would receive the click: <a href="#" tabindex="6" class="acsInviteButton acsDeclineButton" title="..." role="button">No, thanks</a>
  (Session info: chrome=71.0.3578.98)
  (Driver info: chromedriver=2.45.615355 (d5698f682d8b2742017df6c81e0bd8e6a3063189),platform=Mac OS X 10.13.6 x86_64) (WARNING: The server did not provide any stacktrace information)
Command duration or timeout: 0 milliseconds
Build info: version: '3.14.0', revision: 'aacccce0', time: '2018-08-02T20:19:58.91Z'
System info: host: 'Venkatramanas-MacBook-Air.local', ip: '2607:fea8:1220:c0b:0:0:0:3', os.name: 'Mac OS X', os.arch: 'x86_64', os.version: '10.13.6', java.version: '1.8.0_144'
Driver info: org.openqa.selenium.chrome.ChromeDriver
Capabilities {acceptInsecureCerts: false, acceptSslCerts: false, applicationCacheEnabled: false, browserConnectionEnabled: false, browserName: chrome, chrome: {chromedriverVersion: 2.45.615355 (d5698f682d8b27..., userDataDir: /var/folders/_q/pzp0ltk52k5...}, cssSelectorsEnabled: true, databaseEnabled: false, goog:chromeOptions: {debuggerAddress: localhost:57211}, handlesAlerts: true, hasTouchScreen: false, javascriptEnabled: true, locationContextEnabled: true, mobileEmulationEnabled: false, nativeEvents: true, networkConnectionEnabled: false, pageLoadStrategy: normal, platform: MAC, platformName: MAC, proxy: Proxy(), rotatable: false, setWindowRect: true, strictFileInteractability: false, takesHeapSnapshot: true, takesScreenshot: true, timeouts: {implicit: 0, pageLoad: 300000, script: 30000}, unexpectedAlertBehaviour: ignore, unhandledPromptBehavior: ignore, version: 71.0.3578.98, webStorageEnabled: true}
Session ID: b4f22f88ac03f7cac3a7df72ceb0cacc
at sun.reflect.NativeConstructorAccessorImpl.newInstance0(Native Method)
at sun.reflect.NativeConstructorAccessorImpl.newInstance(NativeConstructorAccessorImpl.java:62)
at sun.reflect.DelegatingConstructorAccessorImpl.newInstance(DelegatingConstructorAccessorImpl.java:45)
at java.lang.reflect.Constructor.newInstance(Constructor.java:423)
at org.openqa.selenium.remote.ErrorHandler.createThrowable(ErrorHandler.java:214)
at org.openqa.selenium.remote.ErrorHandler.throwIfResponseFailed(ErrorHandler.java:166)
at org.openqa.selenium.remote.http.JsonHttpResponseCodec.reconstructValue(JsonHttpResponseCodec.java:40)
at org.openqa.selenium.remote.http.AbstractHttpResponseCodec.decode(AbstractHttpResponseCodec.java:80)
at org.openqa.selenium.remote.http.AbstractHttpResponseCodec.decode(AbstractHttpResponseCodec.java:44)
at org.openqa.selenium.remote.HttpCommandExecutor.execute(HttpCommandExecutor.java:158)
at org.openqa.selenium.remote.service.DriverCommandExecutor.execute(DriverCommandExecutor.java:83)
at org.openqa.selenium.remote.RemoteWebDriver.execute(RemoteWebDriver.java:548)
at org.openqa.selenium.remote.RemoteWebElement.execute(RemoteWebElement.java:276)
at org.openqa.selenium.remote.RemoteWebElement.click(RemoteWebElement.java:83)
at sun.reflect.NativeMethodAccessorImpl.invoke0(Native Method)
at sun.reflect.NativeMethodAccessorImpl.invoke(NativeMethodAccessorImpl.java:62)
at sun.reflect.DelegatingMethodAccessorImpl.invoke(DelegatingMethodAccessorImpl.java:43)
at java.lang.reflect.Method.invoke(Method.java:498)
at org.openqa.selenium.support.pagefactory.internal.LocatingElementHandler.invoke(LocatingElementHandler.java:51)
at com.sun.proxy.$Proxy12.click(Unknown Source)
at com.walmart.ecom.ui.core.SeleniumMethods.click(SeleniumMethods.java:49)
at com.walmart.ecom.ui.product.pages.ToysSecetionPage.toEasySetPools(ToysSecetionPage.java:64)
at com.walmart.ecom.ui.tests.ToysSectionTests.verifyItemsDisplayedByPrice(ToysSectionTests.java:25)
at sun.reflect.NativeMethodAccessorImpl.invoke0(Native Method)
at sun.reflect.NativeMethodAccessorImpl.invoke(NativeMethodAccessorImpl.java:62)
at sun.reflect.DelegatingMethodAccessorImpl.invoke(DelegatingMethodAccessorImpl.java:43)
at java.lang.reflect.Method.invoke(Method.java:498)
at org.testng.internal.MethodInvocationHelper.invokeMethod(MethodInvocationHelper.java:124)
at org.testng.internal.Invoker.invokeMethod(Invoker.java:580)
at org.testng.internal.Invoker.invokeTestMethod(Invoker.java:716)
at org.testng.internal.Invoker.invokeTestMethods(Invoker.java:988)
at org.testng.internal.TestMethodWorker.invokeTestMethods(TestMethodWorker.java:125)
at org.testng.internal.TestMethodWorker.run(TestMethodWorker.java:109)
at org.testng.TestRunner.privateRun(TestRunner.java:648)
at org.testng.TestRunner.run(TestRunner.java:505)
at org.testng.SuiteRunner.runTest(SuiteRunner.java:455)
at org.testng.SuiteRunner.runSequentially(SuiteRunner.java:450)
at org.testng.SuiteRunner.privateRun(SuiteRunner.java:415)
at org.testng.SuiteRunner.run(SuiteRunner.java:364)
at org.testng.SuiteRunnerWorker.runSuite(SuiteRunnerWorker.java:52)
at org.testng.SuiteRunnerWorker.run(SuiteRunnerWorker.java:84)
at org.testng.TestNG.runSuitesSequentially(TestNG.java:1208)
at org.testng.TestNG.runSuitesLocally(TestNG.java:1137)
at org.testng.TestNG.runSuites(TestNG.java:1049)
at org.testng.TestNG.run(TestNG.java:1017)
at org.testng.remote.AbstractRemoteTestNG.run(AbstractRemoteTestNG.java:114)
at org.testng.remote.RemoteTestNG.initAndRun(RemoteTestNG.java:251)
at org.testng.remote.RemoteTestNG.main(RemoteTestNG.java:77)
]]>
            </full-stacktrace>
          </exception> <!-- org.openqa.selenium.WebDriverException -->
          <reporter-output>
          </reporter-output>
        </test-method> <!-- verifyItemsDisplayedByPrice -->
        <test-method status="PASS" signature="tearDown()[pri:0, instance:com.walmart.ecom.ui.tests.ToysSectionTests@271053e1]" name="tearDown" is-config="true" duration-ms="196" started-at="2019-01-19T06:01:05Z" finished-at="2019-01-19T06:01:05Z">
          <reporter-output>
          </reporter-output>
        </test-method> <!-- tearDown -->
        <test-method status="PASS" signature="beforeEachTest()[pri:0, instance:com.walmart.ecom.ui.tests.ToysSectionTests@271053e1]" name="beforeEachTest" is-config="true" duration-ms="1623" started-at="2019-01-19T06:01:05Z" finished-at="2019-01-19T06:01:06Z">
          <reporter-output>
          </reporter-output>
        </test-method> <!-- beforeEachTest -->
        <test-method status="PASS" signature="verifyProductDetails(java.util.Properties)[pri:0, instance:com.walmart.ecom.ui.tests.ToysSectionTests@271053e1]" name="verifyProductDetails" duration-ms="34258" started-at="2019-01-19T06:01:06Z" data-provider="loadTestData" finished-at="2019-01-19T06:01:41Z">
          <params>
            <param index="0">
              <value>
                <![CDATA[{itemName=Summer Waves Elite 15-ft Round 48-in Deep Metal Frame Swimming Pool Package}]]>
              </value>
            </param>
          </params>
          <reporter-output>
          </reporter-output>
        </test-method> <!-- verifyProductDetails -->
        <test-method status="PASS" signature="tearDown()[pri:0, instance:com.walmart.ecom.ui.tests.ToysSectionTests@271053e1]" name="tearDown" is-config="true" duration-ms="139" started-at="2019-01-19T06:01:41Z" finished-at="2019-01-19T06:01:41Z">
          <reporter-output>
          </reporter-output>
        </test-method> <!-- tearDown -->
        <test-method status="PASS" signature="beforeEachTest()[pri:0, instance:com.walmart.ecom.ui.tests.ToysSectionTests@271053e1]" name="beforeEachTest" is-config="true" duration-ms="1289" started-at="2019-01-19T06:01:41Z" finished-at="2019-01-19T06:01:42Z">
          <reporter-output>
          </reporter-output>
        </test-method> <!-- beforeEachTest -->
        <test-method status="PASS" signature="verifyProductDetails(java.util.Properties)[pri:0, instance:com.walmart.ecom.ui.tests.ToysSectionTests@271053e1]" name="verifyProductDetails" duration-ms="66623" started-at="2019-01-19T06:01:42Z" data-provider="loadTestData" finished-at="2019-01-19T06:02:49Z">
          <params>
            <param index="0">
              <value>
                <![CDATA[{itemName=Intex Development Co. Ltd Intex 8ft Easy Set Swimming Pool Debris Cover}]]>
              </value>
            </param>
          </params>
          <reporter-output>
          </reporter-output>
        </test-method> <!-- verifyProductDetails -->
        <test-method status="PASS" signature="tearDown()[pri:0, instance:com.walmart.ecom.ui.tests.ToysSectionTests@271053e1]" name="tearDown" is-config="true" duration-ms="147" started-at="2019-01-19T06:02:49Z" finished-at="2019-01-19T06:02:49Z">
          <reporter-output>
          </reporter-output>
        </test-method> <!-- tearDown -->
      </class> <!-- com.walmart.ecom.ui.tests.ToysSectionTests -->
    </test> <!-- WalmartEcommerce -->
  </suite> <!-- Application -->
</testng-results>
